2025-11-15 17:31:25, MOVE, v:1, k:poo@cinema, mode:PICK
2025-11-15 17:31:26, EXEC, v:1, k:poo@cinema, mode:FULL, rate:0, size:17
2025-11-15 17:31:27, EXEC, v:1, k:poo@cinema, mode:FULL, rate:0
2025-11-15 17:31:27, EXEC, v:1, k:poo@cinema, mode:FULL, rate:0
2025-11-15 17:31:28, EXEC, v:1, k:poo@cinema, mode:FULL, rate:0
2025-11-15 17:31:28, EXEC, v:1, k:poo@cinema, mode:FULL, rate:0
2025-11-15 17:31:28, EXEC, v:1, k:poo@cinema, mode:FULL, rate:0
2025-11-15 17:31:28, EXEC, v:1, k:poo@cinema, mode:FULL, rate:0
2025-11-15 17:31:28, EXEC, v:1, k:poo@cinema, mode:FULL, rate:0
2025-11-15 17:31:29, EXEC, v:1, k:poo@cinema, mode:FULL, rate:0
2025-11-15 17:31:29, EXEC, v:1, k:poo@cinema, mode:FULL, rate:0
2025-11-15 17:31:29, EXEC, v:1, k:poo@cinema, mode:FULL, rate:0
2025-11-15 17:31:29, EXEC, v:1, k:poo@cinema, mode:FULL, rate:0
2025-11-15 17:31:30, EXEC, v:1, k:poo@cinema, mode:FULL, rate:0
2025-11-15 17:31:30, EXEC, v:1, k:poo@cinema, mode:FULL, rate:0
2025-11-15 17:31:30, EXEC, v:1, k:poo@cinema, mode:FULL, rate:0
2025-11-15 17:31:32, MOVE, v:1, k:poo@cinema, mode:BACK
2025-11-15 17:32:49, MOVE, v:1, k:poo@cinema, mode:PICK
2025-11-15 17:32:50, EXEC, v:1, k:poo@cinema, mode:FULL, rate:0, size:8
2025-11-15 17:46:53, EXEC, v:1, k:poo@cinema, mode:FULL, rate:0, size:34
2025-11-15 17:53:03, MOVE, v:1, k:poo@cinema, mode:BACK
2025-11-15 18:01:06, MOVE, v:1, k:poo@cinema, mode:PICK
2025-11-15 18:01:06, EXEC, v:1, k:poo@cinema, mode:FULL, rate:0, size:39
2025-11-15 18:09:57, MOVE, v:1, k:poo@cinema, mode:BACK
2025-11-15 18:09:57, MOVE, v:1, k:poo@cinema, mode:PICK
2025-11-15 18:09:58, MOVE, v:1, k:poo@cinema, mode:BACK
2025-11-15 18:17:18, MOVE, v:1, k:poo@cinema, mode:PICK
2025-11-15 18:17:19, EXEC, v:1, k:poo@cinema, mode:FULL, rate:0, size:63
2025-11-15 18:22:21, MOVE, v:1, k:poo@cinema, mode:BACK
2025-11-15 18:27:17, MOVE, v:1, k:poo@cinema, mode:PICK
2025-11-15 18:27:18, EXEC, v:1, k:poo@cinema, mode:FULL, rate:0, size:64
2025-11-15 18:27:19, EXEC, v:1, k:poo@cinema, mode:FULL, rate:0
2025-11-15 18:27:26, EXEC, v:1, k:poo@cinema, mode:FREE
2025-11-15 18:52:41, EXEC, v:1, k:poo@cinema, mode:FULL, rate:0, size:76
2025-11-15 18:52:45, MOVE, v:1, k:poo@cinema, mode:BACK
2025-11-15 18:52:45, MOVE, v:1, k:poo@cinema, mode:PICK
2025-11-15 18:52:45, MOVE, v:1, k:poo@cinema, mode:BACK
2025-11-15 18:52:59, MOVE, v:1, k:poo@cinema, mode:PICK
2025-11-15 18:52:59, EXEC, v:1, k:poo@cinema, mode:FULL, rate:0
2025-11-15 18:52:59, EXEC, v:1, k:poo@cinema, mode:FULL, rate:0
2025-11-15 18:53:00, EXEC, v:1, k:poo@cinema, mode:FULL, rate:0
2025-11-15 18:53:00, EXEC, v:1, k:poo@cinema, mode:FULL, rate:0
2025-11-15 18:53:00, EXEC, v:1, k:poo@cinema, mode:FULL, rate:0
2025-11-15 18:53:00, EXEC, v:1, k:poo@cinema, mode:FULL, rate:0
2025-11-15 18:53:00, EXEC, v:1, k:poo@cinema, mode:FULL, rate:0
2025-11-15 18:53:00, EXEC, v:1, k:poo@cinema, mode:FULL, rate:0
2025-11-15 18:53:01, EXEC, v:1, k:poo@cinema, mode:FULL, rate:0
2025-11-15 18:53:02, EXEC, v:1, k:poo@cinema, mode:FULL, rate:0
2025-11-15 18:53:02, EXEC, v:1, k:poo@cinema, mode:FULL, rate:0
2025-11-15 18:53:02, EXEC, v:1, k:poo@cinema, mode:FULL, rate:0
2025-11-15 18:53:03, EXEC, v:1, k:poo@cinema, mode:FULL, rate:0
2025-11-15 18:56:18, EXEC, v:1, k:poo@cinema, mode:FULL, rate:0, size:86
2025-11-15 18:59:59, EXEC, v:1, k:poo@cinema, mode:FULL, rate:0, size:76
2025-11-15 19:00:33, EXEC, v:1, k:poo@cinema, mode:FULL, rate:0, size:86
2025-11-15 19:00:51, MOVE, v:1, k:poo@cinema, mode:BACK
2025-11-15 19:00:53, MOVE, v:1, k:poo@cinema, mode:PICK
2025-11-15 19:00:55, EXEC, v:1, k:poo@cinema, mode:FREE
2025-11-15 19:10:00, EXEC, v:1, k:poo@cinema, mode:FULL, rate:11, size:88
2025-11-15 19:11:04, EXEC, v:1, k:poo@cinema, mode:FULL, rate:33, size:92
2025-11-15 19:11:21, MOVE, v:1, k:poo@cinema, mode:BACK
2025-11-15 19:11:29, MOVE, v:1, k:poo@cinema, mode:PICK
2025-11-15 19:11:29, EXEC, v:1, k:poo@cinema, mode:FULL, rate:33
2025-11-15 19:11:31, EXEC, v:1, k:poo@cinema, mode:FREE
2025-11-15 19:15:05, EXEC, v:1, k:poo@cinema, mode:FULL, rate:33, size:98
2025-11-15 19:15:26, EXEC, v:1, k:poo@cinema, mode:FULL, rate:33, size:98
2025-11-15 19:22:07, EXEC, v:1, k:poo@cinema, mode:FULL, rate:0, size:95
2025-11-15 19:22:57, EXEC, v:1, k:poo@cinema, mode:FULL, rate:11, size:95
2025-11-15 19:24:51, EXEC, v:1, k:poo@cinema, mode:FULL, rate:0, size:95
2025-11-15 19:25:07, EXEC, v:1, k:poo@cinema, mode:FULL, rate:44, size:95
2025-11-15 19:25:42, EXEC, v:1, k:poo@cinema, mode:FULL, rate:55, size:95
2025-11-15 19:27:03, MOVE, v:1, k:poo@cinema, mode:BACK
2025-11-15 19:27:11, MOVE, v:1, k:poo@cinema, mode:PICK
2025-11-15 19:27:11, EXEC, v:1, k:poo@cinema, mode:FULL, rate:55
2025-11-15 19:27:13, MOVE, v:1, k:poo@cinema, mode:BACK
2025-11-15 19:27:30, MOVE, v:1, k:poo@array, mode:PICK
2025-11-15 19:36:30, EXEC, v:1, k:poo@array, mode:LOCK, rate:0, size:42
2025-11-15 19:36:30, EXEC, v:1, k:poo@array, mode:LOCK, rate:0, size:42
2025-11-15 19:36:38, MOVE, v:1, k:poo@array, mode:BACK
2025-11-15 19:36:39, MOVE, v:1, k:poo@array, mode:PICK
2025-11-15 19:36:40, MOVE, v:1, k:poo@array, mode:BACK
2025-11-15 19:37:17, MOVE, v:1, k:poo@cinema, mode:PICK
2025-11-15 19:37:18, EXEC, v:1, k:poo@cinema, mode:FULL, rate:55
2025-11-15 20:06:17, EXEC, v:1, k:poo@cinema, mode:FULL, rate:66, size:98
2025-11-15 20:06:47, EXEC, v:1, k:poo@cinema, mode:FULL, rate:66, size:98
2025-11-15 20:10:42, MOVE, v:1, k:poo@cinema, mode:PICK
2025-11-15 20:10:43, EXEC, v:1, k:poo@cinema, mode:FULL, rate:66
2025-11-15 20:11:51, MOVE, v:1, k:poo@cinema, mode:PICK
2025-11-15 20:11:52, EXEC, v:1, k:poo@cinema, mode:FULL, rate:66, size:98
2025-11-15 20:12:07, EXEC, v:1, k:poo@cinema, mode:FULL, rate:77, size:98
2025-11-15 20:13:17, EXEC, v:1, k:poo@cinema, mode:FULL, rate:88, size:102
2025-11-15 20:13:40, EXEC, v:1, k:poo@cinema, mode:FULL, rate:100, size:102
2025-11-15 20:13:44, MOVE, v:1, k:poo@cinema, mode:BACK
2025-11-15 20:22:56, MOVE, v:1, k:poo@cinema, mode:PICK
2025-11-15 20:22:57, EXEC, v:1, k:poo@cinema, mode:FULL, rate:100, size:91
2025-11-15 20:23:06, MOVE, v:1, k:poo@cinema, mode:BACK
