2025-11-09 00:31:39, EXEC, v:1, k:poo@budega, mode:FULL, rate:0
2025-11-09 00:31:40, MOVE, v:1, k:poo@budega, mode:BACK
2025-11-09 00:36:46, MOVE, v:1, k:poo@budega, mode:PICK
2025-11-09 00:36:48, EXEC, v:1, k:poo@budega, mode:FULL, rate:0
2025-11-09 00:36:59, EXEC, v:1, k:poo@budega, mode:FULL, rate:0
2025-11-09 00:37:03, MOVE, v:1, k:poo@budega, mode:BACK
2025-11-09 00:37:03, MOVE, v:1, k:poo@budega, mode:PICK
2025-11-09 00:37:04, MOVE, v:1, k:poo@budega, mode:BACK
2025-11-09 01:06:13, MOVE, v:1, k:poo@budega, mode:PICK
2025-11-09 01:06:13, EXEC, v:1, k:poo@budega, mode:FULL, rate:0
2025-11-09 01:13:46, EXEC, v:1, k:poo@budega, mode:FULL, rate:0
2025-11-09 01:13:48, EXEC, v:1, k:poo@budega, mode:FULL, rate:0
2025-11-09 01:14:00, EXEC, v:1, k:poo@budega, mode:FULL, rate:0
2025-11-09 01:14:01, EXEC, v:1, k:poo@budega, mode:FULL, rate:0
2025-11-09 01:20:10, MOVE, v:1, k:poo@budega, mode:PICK
2025-11-09 01:20:11, EXEC, v:1, k:poo@budega, mode:FULL, rate:0
2025-11-09 01:20:15, EXEC, v:1, k:poo@budega, mode:FULL, rate:0
2025-11-09 01:37:38, EXEC, v:1, k:poo@budega, mode:FULL, rate:0
2025-11-09 01:37:39, EXEC, v:1, k:poo@budega, mode:FULL, rate:0
2025-11-09 01:37:52, EXEC, v:1, k:poo@budega, mode:FULL, rate:0
2025-11-09 01:43:05, EXEC, v:1, k:poo@budega, mode:FULL, rate:0, size:67
2025-11-09 01:48:56, EXEC, v:1, k:poo@budega, mode:FULL, rate:0
2025-11-09 01:57:08, EXEC, v:1, k:poo@budega, mode:FULL, rate:0
2025-11-09 02:21:33, EXEC, v:1, k:poo@budega, mode:FULL, rate:0
2025-11-09 02:22:55, EXEC, v:1, k:poo@budega, mode:FULL, rate:0
2025-11-09 02:22:56, EXEC, v:1, k:poo@budega, mode:FULL, rate:0
2025-11-09 07:59:38, MOVE, v:1, k:poo@budega, mode:PICK
2025-11-09 08:02:34, EXEC, v:1, k:poo@budega, mode:FULL, rate:0
2025-11-09 08:08:59, EXEC, v:1, k:poo@budega, mode:FULL, rate:0
2025-11-09 08:09:15, MOVE, v:1, k:poo@budega, mode:PICK
2025-11-09 08:09:16, EXEC, v:1, k:poo@budega, mode:FULL, rate:0
2025-11-09 08:11:59, EXEC, v:1, k:poo@budega, mode:FULL, rate:0
2025-11-09 08:16:55, EXEC, v:1, k:poo@budega, mode:FULL, rate:0
2025-11-09 08:16:56, EXEC, v:1, k:poo@budega, mode:FULL, rate:0
2025-11-09 10:33:08, EXEC, v:1, k:poo@budega, mode:FULL, rate:0
2025-11-09 10:44:04, EXEC, v:1, k:poo@budega, mode:FREE
2025-11-09 10:45:29, MOVE, v:1, k:poo@budega, mode:BACK
2025-11-09 10:45:30, MOVE, v:1, k:poo@budega, mode:PICK
2025-11-09 10:45:31, MOVE, v:1, k:poo@budega, mode:BACK
2025-11-09 10:45:31, MOVE, v:1, k:poo@budega, mode:PICK
2025-11-09 10:45:33, MOVE, v:1, k:poo@budega, mode:BACK
2025-11-09 10:46:28, MOVE, v:1, k:poo@budega, mode:PICK
2025-11-09 10:46:30, MOVE, v:1, k:poo@budega, mode:BACK
2025-11-09 10:46:32, MOVE, v:1, k:poo@budega, mode:PICK
2025-11-09 10:46:33, EXEC, v:1, k:poo@budega, mode:FULL, rate:0
2025-11-09 11:22:32, MOVE, v:1, k:poo@budega, mode:BACK
2025-11-09 11:28:15, MOVE, v:1, k:poo@budega, mode:PICK
2025-11-09 11:28:16, EXEC, v:1, k:poo@budega, mode:FULL, rate:0
2025-11-09 11:39:07, MOVE, v:1, k:poo@budega, mode:BACK
2025-11-09 11:40:02, MOVE, v:1, k:poo@budega, mode:PICK
2025-11-09 11:40:03, EXEC, v:1, k:poo@budega, mode:FULL, rate:0
2025-11-09 11:44:16, EXEC, v:1, k:poo@budega, mode:FULL, rate:0
2025-11-09 11:44:18, MOVE, v:1, k:poo@budega, mode:BACK
2025-11-09 11:44:18, MOVE, v:1, k:poo@budega, mode:PICK
2025-11-09 11:44:19, MOVE, v:1, k:poo@budega, mode:BACK
2025-11-09 11:44:44, MOVE, v:1, k:poo@budega, mode:PICK
2025-11-09 11:44:44, EXEC, v:1, k:poo@budega, mode:FULL, rate:0
2025-11-09 11:45:01, EXEC, v:1, k:poo@budega, mode:FULL, rate:0
2025-11-09 11:45:02, EXEC, v:1, k:poo@budega, mode:FULL, rate:0
2025-11-09 11:47:52, EXEC, v:1, k:poo@budega, mode:FULL, rate:0
2025-11-09 11:47:53, EXEC, v:1, k:poo@budega, mode:FULL, rate:0
2025-11-09 11:47:53, EXEC, v:1, k:poo@budega, mode:FULL, rate:0
2025-11-09 11:47:54, EXEC, v:1, k:poo@budega, mode:FULL, rate:0
2025-11-09 11:48:03, EXEC, v:1, k:poo@budega, mode:FULL, rate:0
2025-11-09 11:48:04, EXEC, v:1, k:poo@budega, mode:FULL, rate:0
2025-11-09 11:48:05, EXEC, v:1, k:poo@budega, mode:FULL, rate:0
2025-11-09 11:48:05, EXEC, v:1, k:poo@budega, mode:FULL, rate:0
2025-11-09 11:48:05, EXEC, v:1, k:poo@budega, mode:FULL, rate:0
2025-11-09 11:58:58, MOVE, v:1, k:poo@budega, mode:PICK
2025-11-09 11:59:19, MOVE, v:1, k:poo@budega, mode:BACK
2025-11-09 11:59:20, MOVE, v:1, k:poo@budega, mode:PICK
2025-11-09 11:59:21, EXEC, v:1, k:poo@budega, mode:FULL, rate:0
2025-11-09 12:02:44, EXEC, v:1, k:poo@budega, mode:FULL, rate:0
2025-11-09 12:04:04, MOVE, v:1, k:poo@budega, mode:BACK
2025-11-09 12:05:29, MOVE, v:1, k:poo@budega, mode:PICK
2025-11-09 12:05:30, EXEC, v:1, k:poo@budega, mode:FULL, rate:0
2025-11-09 12:05:46, EXEC, v:1, k:poo@budega, mode:FULL, rate:0
2025-11-09 12:07:20, MOVE, v:1, k:poo@budega, mode:BACK
2025-11-09 19:21:20, MOVE, v:1, k:poo@budega, mode:PICK
2025-11-09 19:21:21, EXEC, v:1, k:poo@budega, mode:FULL, rate:0, size:67
2025-11-09 19:21:32, EXEC, v:1, k:poo@budega, mode:FULL, rate:10, size:67
2025-11-09 19:29:38, EXEC, v:1, k:poo@budega, mode:FULL, rate:30, size:70
2025-11-09 19:38:23, EXEC, v:1, k:poo@budega, mode:FULL, rate:30, size:74
2025-11-09 19:43:37, EXEC, v:1, k:poo@budega, mode:FULL, rate:40, size:74
2025-11-09 20:00:38, EXEC, v:1, k:poo@budega, mode:FULL, rate:50, size:77
2025-11-09 20:01:06, EXEC, v:1, k:poo@budega, mode:FULL, rate:70, size:77
2025-11-09 20:01:31, EXEC, v:1, k:poo@budega, mode:FULL, rate:90, size:77
2025-11-09 20:02:30, EXEC, v:1, k:poo@budega, mode:FULL, rate:90, size:77
2025-11-09 20:02:52, EXEC, v:1, k:poo@budega, mode:FULL, rate:100, size:77
2025-11-09 20:03:35, MOVE, v:1, k:poo@budega, mode:BACK
2025-11-09 20:03:35, MOVE, v:1, k:poo@budega, mode:PICK
2025-11-09 20:03:36, MOVE, v:1, k:poo@budega, mode:BACK
2025-11-09 20:44:43, MOVE, v:1, k:poo@lapiseira, mode:DOWN
2025-11-09 20:44:47, MOVE, v:1, k:poo@lapiseira, mode:PICK
2025-11-09 21:24:16, MOVE, v:1, k:poo@lapiseira, mode:BACK
2025-11-09 21:24:16, MOVE, v:1, k:poo@lapiseira, mode:PICK
2025-11-09 21:24:17, MOVE, v:1, k:poo@lapiseira, mode:BACK
